Warning[205] /home/bs01/e1869049/MPLABXProjects/THE1_1869049.X/the_1_1869049.asm 33 : Found directive in column 1. (UDATA_ACS)
Warning[207] /home/bs01/e1869049/MPLABXProjects/THE1_1869049.X/the_1_1869049.asm 34 : Found label after column 1. (t1)
Warning[207] /home/bs01/e1869049/MPLABXProjects/THE1_1869049.X/the_1_1869049.asm 35 : Found label after column 1. (t2)
Warning[207] /home/bs01/e1869049/MPLABXProjects/THE1_1869049.X/the_1_1869049.asm 36 : Found label after column 1. (t3)
Warning[207] /home/bs01/e1869049/MPLABXProjects/THE1_1869049.X/the_1_1869049.asm 37 : Found label after column 1. (headPosition)
Warning[207] /home/bs01/e1869049/MPLABXProjects/THE1_1869049.X/the_1_1869049.asm 38 : Found label after column 1. (isCW)
Warning[207] /home/bs01/e1869049/MPLABXProjects/THE1_1869049.X/the_1_1869049.asm 39 : Found label after column 1. (isCorner)
Warning[207] /home/bs01/e1869049/MPLABXProjects/THE1_1869049.X/the_1_1869049.asm 40 : Found label after column 1. (flag)
Warning[207] /home/bs01/e1869049/MPLABXProjects/THE1_1869049.X/the_1_1869049.asm 41 : Found label after column 1. (isPressedOnRB5)
Warning[203] /home/bs01/e1869049/MPLABXProjects/THE1_1869049.X/the_1_1869049.asm 88 : Found opcode in column 1. (call)
Warning[203] /home/bs01/e1869049/MPLABXProjects/THE1_1869049.X/the_1_1869049.asm 89 : Found opcode in column 1. (call)
Warning[203] /home/bs01/e1869049/MPLABXProjects/THE1_1869049.X/the_1_1869049.asm 90 : Found opcode in column 1. (BTFSC)
Warning[203] /home/bs01/e1869049/MPLABXProjects/THE1_1869049.X/the_1_1869049.asm 91 : Found opcode in column 1. (goto)
Warning[203] /home/bs01/e1869049/MPLABXProjects/THE1_1869049.X/the_1_1869049.asm 92 : Found opcode in column 1. (goto)
Warning[207] /home/bs01/e1869049/MPLABXProjects/THE1_1869049.X/the_1_1869049.asm 113 : Found label after column 1. (_loop3)
Warning[207] /home/bs01/e1869049/MPLABXProjects/THE1_1869049.X/the_1_1869049.asm 116 : Found label after column 1. (_loop2)
Warning[207] /home/bs01/e1869049/MPLABXProjects/THE1_1869049.X/the_1_1869049.asm 119 : Found label after column 1. (_loop1)
Warning[207] /home/bs01/e1869049/MPLABXProjects/THE1_1869049.X/the_1_1869049.asm 131 : Found label after column 1. (_loop3_ccw)
Warning[207] /home/bs01/e1869049/MPLABXProjects/THE1_1869049.X/the_1_1869049.asm 134 : Found label after column 1. (_loop2_ccw)
Warning[207] /home/bs01/e1869049/MPLABXProjects/THE1_1869049.X/the_1_1869049.asm 137 : Found label after column 1. (_loop1_ccw)
Warning[207] /home/bs01/e1869049/MPLABXProjects/THE1_1869049.X/the_1_1869049.asm 149 : Found label after column 1. (_loop3_cw)
Warning[207] /home/bs01/e1869049/MPLABXProjects/THE1_1869049.X/the_1_1869049.asm 152 : Found label after column 1. (_loop2_cw)
Warning[207] /home/bs01/e1869049/MPLABXProjects/THE1_1869049.X/the_1_1869049.asm 155 : Found label after column 1. (_loop1_cw)
Warning[207] /home/bs01/e1869049/MPLABXProjects/THE1_1869049.X/the_1_1869049.asm 169 : Found label after column 1. (_nextCheck1)
Warning[207] /home/bs01/e1869049/MPLABXProjects/THE1_1869049.X/the_1_1869049.asm 174 : Found label after column 1. (_nextCheck2)
Warning[207] /home/bs01/e1869049/MPLABXProjects/THE1_1869049.X/the_1_1869049.asm 179 : Found label after column 1. (_nextCheck3)
Warning[207] /home/bs01/e1869049/MPLABXProjects/THE1_1869049.X/the_1_1869049.asm 185 : Found label after column 1. (_doCorner)
Warning[207] /home/bs01/e1869049/MPLABXProjects/THE1_1869049.X/the_1_1869049.asm 256 : Found label after column 1. (_CCW_B0)
Warning[207] /home/bs01/e1869049/MPLABXProjects/THE1_1869049.X/the_1_1869049.asm 263 : Found label after column 1. (_CW_B0)
Warning[207] /home/bs01/e1869049/MPLABXProjects/THE1_1869049.X/the_1_1869049.asm 276 : Found label after column 1. (_CCW_C0)
Warning[207] /home/bs01/e1869049/MPLABXProjects/THE1_1869049.X/the_1_1869049.asm 283 : Found label after column 1. (_CW_C0)
Warning[207] /home/bs01/e1869049/MPLABXProjects/THE1_1869049.X/the_1_1869049.asm 296 : Found label after column 1. (_CCW_D0)
Warning[207] /home/bs01/e1869049/MPLABXProjects/THE1_1869049.X/the_1_1869049.asm 303 : Found label after column 1. (_CW_D0)
Warning[207] /home/bs01/e1869049/MPLABXProjects/THE1_1869049.X/the_1_1869049.asm 317 : Found label after column 1. (_CCW_D1)
Warning[207] /home/bs01/e1869049/MPLABXProjects/THE1_1869049.X/the_1_1869049.asm 323 : Found label after column 1. (_CW_D1)
Warning[207] /home/bs01/e1869049/MPLABXProjects/THE1_1869049.X/the_1_1869049.asm 335 : Found label after column 1. (_CCW_D2)
Warning[207] /home/bs01/e1869049/MPLABXProjects/THE1_1869049.X/the_1_1869049.asm 341 : Found label after column 1. (_CW_D2)
Warning[207] /home/bs01/e1869049/MPLABXProjects/THE1_1869049.X/the_1_1869049.asm 353 : Found label after column 1. (_CCW_D3)
Warning[207] /home/bs01/e1869049/MPLABXProjects/THE1_1869049.X/the_1_1869049.asm 360 : Found label after column 1. (_CW_D3)
Warning[207] /home/bs01/e1869049/MPLABXProjects/THE1_1869049.X/the_1_1869049.asm 373 : Found label after column 1. (_CCW_C3)
Warning[207] /home/bs01/e1869049/MPLABXProjects/THE1_1869049.X/the_1_1869049.asm 380 : Found label after column 1. (_CW_C3)
Warning[207] /home/bs01/e1869049/MPLABXProjects/THE1_1869049.X/the_1_1869049.asm 393 : Found label after column 1. (_CCW_B3)
Warning[207] /home/bs01/e1869049/MPLABXProjects/THE1_1869049.X/the_1_1869049.asm 400 : Found label after column 1. (_CW_B3)
Warning[207] /home/bs01/e1869049/MPLABXProjects/THE1_1869049.X/the_1_1869049.asm 413 : Found label after column 1. (_CCW_A3)
Warning[207] /home/bs01/e1869049/MPLABXProjects/THE1_1869049.X/the_1_1869049.asm 420 : Found label after column 1. (_CW_A3)
Warning[207] /home/bs01/e1869049/MPLABXProjects/THE1_1869049.X/the_1_1869049.asm 433 : Found label after column 1. (_CCW_A2)
Warning[207] /home/bs01/e1869049/MPLABXProjects/THE1_1869049.X/the_1_1869049.asm 439 : Found label after column 1. (_CW_A2)
Warning[207] /home/bs01/e1869049/MPLABXProjects/THE1_1869049.X/the_1_1869049.asm 451 : Found label after column 1. (_CCW_A1)
Warning[207] /home/bs01/e1869049/MPLABXProjects/THE1_1869049.X/the_1_1869049.asm 457 : Found label after column 1. (_CW_A1)
Warning[207] /home/bs01/e1869049/MPLABXProjects/THE1_1869049.X/the_1_1869049.asm 469 : Found label after column 1. (_CCW_A0)
Warning[207] /home/bs01/e1869049/MPLABXProjects/THE1_1869049.X/the_1_1869049.asm 476 : Found label after column 1. (_CW_A0)
Warning[207] /home/bs01/e1869049/MPLABXProjects/THE1_1869049.X/the_1_1869049.asm 490 : Found label after column 1. (_next1)
Warning[207] /home/bs01/e1869049/MPLABXProjects/THE1_1869049.X/the_1_1869049.asm 496 : Found label after column 1. (_next2)
Warning[207] /home/bs01/e1869049/MPLABXProjects/THE1_1869049.X/the_1_1869049.asm 502 : Found label after column 1. (_next3)
Warning[207] /home/bs01/e1869049/MPLABXProjects/THE1_1869049.X/the_1_1869049.asm 508 : Found label after column 1. (_next4)
Warning[207] /home/bs01/e1869049/MPLABXProjects/THE1_1869049.X/the_1_1869049.asm 514 : Found label after column 1. (_next5)
Warning[207] /home/bs01/e1869049/MPLABXProjects/THE1_1869049.X/the_1_1869049.asm 520 : Found label after column 1. (_next6)
Warning[207] /home/bs01/e1869049/MPLABXProjects/THE1_1869049.X/the_1_1869049.asm 526 : Found label after column 1. (_next7)
Warning[207] /home/bs01/e1869049/MPLABXProjects/THE1_1869049.X/the_1_1869049.asm 532 : Found label after column 1. (_next8)
Warning[207] /home/bs01/e1869049/MPLABXProjects/THE1_1869049.X/the_1_1869049.asm 538 : Found label after column 1. (_next9)
Warning[207] /home/bs01/e1869049/MPLABXProjects/THE1_1869049.X/the_1_1869049.asm 544 : Found label after column 1. (_next10)
Warning[207] /home/bs01/e1869049/MPLABXProjects/THE1_1869049.X/the_1_1869049.asm 550 : Found label after column 1. (_next11)
Warning[207] /home/bs01/e1869049/MPLABXProjects/THE1_1869049.X/the_1_1869049.asm 556 : Found label after column 1. (_next12)
Warning[207] /home/bs01/e1869049/MPLABXProjects/THE1_1869049.X/the_1_1869049.asm 563 : Found label after column 1. (_debounce)
Warning[207] /home/bs01/e1869049/MPLABXProjects/THE1_1869049.X/the_1_1869049.asm 576 : Found label after column 1. (_doCCW)
Warning[207] /home/bs01/e1869049/MPLABXProjects/THE1_1869049.X/the_1_1869049.asm 579 : Found label after column 1. (_doCW)
Warning[207] /home/bs01/e1869049/MPLABXProjects/THE1_1869049.X/the_1_1869049.asm 589 : Found label after column 1. (_CCW2CW_WithInc)
Warning[207] /home/bs01/e1869049/MPLABXProjects/THE1_1869049.X/the_1_1869049.asm 592 : Found label after column 1. (_CW2CCW_WithDec)
Warning[207] /home/bs01/e1869049/MPLABXProjects/THE1_1869049.X/the_1_1869049.asm 600 : Found label after column 1. (_notpress)
Warning[207] /home/bs01/e1869049/MPLABXProjects/THE1_1869049.X/the_1_1869049.asm 605 : Found label after column 1. (_press)
Warning[207] /home/bs01/e1869049/MPLABXProjects/THE1_1869049.X/the_1_1869049.asm 609 : Found label after column 1. (_doNextJob)
Warning[205] /home/bs01/e1869049/MPLABXProjects/THE1_1869049.X/the_1_1869049.asm 618 : Found directive in column 1. (END)
